2024.04.25 15:26:57 INFO  Started: Metals version 1.3.0 in folders '/Users/msankhane/Desktop/Cours_ESGI/Scala/TD2/calculatrice' for client Visual Studio Code 1.88.1.
SLF4J: Class path contains multiple SLF4J providers.
SLF4J: Found provider [scribe.slf4j.ScribeServiceProvider@632974ec]
SLF4J: Found provider [ch.qos.logback.classic.spi.LogbackServiceProvider@7247e871]
SLF4J: See https://www.slf4j.org/codes.html#multiple_bindings for an explanation.
SLF4J: Actual provider is of type [scribe.slf4j.ScribeServiceProvider@632974ec]
2024.04.25 15:26:58 WARN  Flyway upgrade recommended: H2 2.2.224 is newer than this version of Flyway and support has not been tested. The latest supported version of H2 is 2.2.220.
2024.04.25 15:26:58 INFO  Attempting to connect to the build server...
2024.04.25 15:26:58 INFO  tracing is disabled for protocol BSP, to enable tracing of incoming and outgoing JSON messages create an empty file at /Users/msankhane/Desktop/Cours_ESGI/Scala/TD2/calculatrice/.metals/bsp.trace.json or /Users/msankhane/Library/Caches/org.scalameta.metals/bsp.trace.json
2024.04.25 15:26:58 INFO  time: Connected to build server in 0.44s
2024.04.25 15:26:58 INFO  Connected to Build server: Bloop v1.5.17
2024.04.25 15:27:02 INFO  time: indexed workspace in 3.04s
2024.04.25 15:27:05 WARN  no build target for: /Users/msankhane/Desktop/Cours_ESGI/Scala/TD2/calculatrice/src/main/scala/Main.scala
2024.04.25 15:27:05 WARN  no build target for: /Users/msankhane/Desktop/Cours_ESGI/Scala/TD2/calculatrice/src/main/scala/calculatrice.scala
2024.04.25 15:27:17 INFO  no build target found for /Users/msankhane/Desktop/Cours_ESGI/Scala/TD2/calculatrice/src/main/scala/calculatrice.scala. Using presentation compiler with project's scala-library version: 3.3.3
2024.04.25 15:27:22 WARN  Could not find semantic tokens for: file:///Users/msankhane/Desktop/Cours_ESGI/Scala/TD2/calculatrice/build.sbt
2024.04.25 15:28:38 WARN  no build target for: /Users/msankhane/Desktop/Cours_ESGI/Scala/TD2/calculatrice/project/project/project/metals.sbt
2024.04.25 15:28:38 WARN  no build target for: /Users/msankhane/Desktop/Cours_ESGI/Scala/TD2/calculatrice/project/project/metals.sbt
2024.04.25 15:28:38 WARN  no build target for: /Users/msankhane/Desktop/Cours_ESGI/Scala/TD2/calculatrice/project/plugins.sbt
2024.04.25 15:28:38 WARN  no build target for: /Users/msankhane/Desktop/Cours_ESGI/Scala/TD2/calculatrice/project/metals.sbt
2024.04.25 15:28:39 INFO  Detected new build tool in /Users/msankhane/Desktop/Cours_ESGI/Scala/TD2/calculatrice
2024.04.25 15:28:39 INFO  Disconnecting from Bloop session...
2024.04.25 15:28:38 INFO  Shut down connection with build server.
2024.04.25 15:28:38 INFO  Attempting to connect to the build server...
2024.04.25 15:28:38 INFO  tracing is disabled for protocol BSP, to enable tracing of incoming and outgoing JSON messages create an empty file at /Users/msankhane/Desktop/Cours_ESGI/Scala/TD2/calculatrice/.metals/bsp.trace.json or /Users/msankhane/Library/Caches/org.scalameta.metals/bsp.trace.json
2024.04.25 15:28:38 INFO  time: Connected to build server in 44ms
2024.04.25 15:28:38 INFO  Connected to Build server: Bloop v1.5.17
2024.04.25 15:28:40 INFO  time: indexed workspace in 1.55s
2024.04.25 15:28:40 WARN  no build target for: /Users/msankhane/Desktop/Cours_ESGI/Scala/TD2/calculatrice/src/main/scala/calculatrice.scala
2024.04.25 15:28:40 WARN  no build target for: /Users/msankhane/Desktop/Cours_ESGI/Scala/TD2/calculatrice/build.sbt
2024.04.25 15:28:41 INFO  Shutting down server
2024.04.25 15:28:41 INFO  shutting down Metals
2024.04.25 15:28:40 INFO  Shut down connection with build server.
2024.04.25 15:28:41 WARN  Flyway upgrade recommended: H2 2.2.224 is newer than this version of Flyway and support has not been tested. The latest supported version of H2 is 2.2.220.
2024.04.25 15:28:53 INFO  no build target found for /Users/msankhane/Desktop/Cours_ESGI/Scala/TD2/calculatrice/src/main/scala/calculatrice.scala. Using presentation compiler with project's scala-library version: 3.3.3
java.util.concurrent.RejectedExecutionException: Task Future(<not completed>) rejected from java.util.concurrent.ThreadPoolExecutor@1ea40355[Shutting down, pool size = 1, active threads = 1, queued tasks = 0, completed tasks = 906]
	at java.base/java.util.concurrent.ThreadPoolExecutor$AbortPolicy.rejectedExecution(ThreadPoolExecutor.java:2065)
	at java.base/java.util.concurrent.ThreadPoolExecutor.reject(ThreadPoolExecutor.java:833)
	at java.base/java.util.concurrent.ThreadPoolExecutor.execute(ThreadPoolExecutor.java:1365)
	at scala.concurrent.impl.ExecutionContextImpl.execute(ExecutionContextImpl.scala:21)
	at scala.concurrent.impl.Promise$Transformation.submitWithValue(Promise.scala:429)
	at scala.concurrent.impl.Promise$DefaultPromise.submitWithValue(Promise.scala:338)
	at scala.concurrent.impl.Promise$DefaultPromise.tryComplete0(Promise.scala:285)
	at scala.concurrent.impl.Promise$DefaultPromise.linkRootOf(Promise.scala:347)
	at scala.concurrent.impl.Promise$Transformation.run(Promise.scala:471)
	at java.base/java.util.concurrent.ThreadPoolExecutor.runWorker(ThreadPoolExecutor.java:1136)
	at java.base/java.util.concurrent.ThreadPoolExecutor$Worker.run(ThreadPoolExecutor.java:635)
	at java.base/java.lang.Thread.run(Thread.java:833)
2024.04.25 15:29:00 INFO  Started: Metals version 1.3.0 in folders '/Users/msankhane/Desktop/Cours_ESGI/Scala/TD2/calculatrice' for client Visual Studio Code 1.88.1.
SLF4J: Class path contains multiple SLF4J providers.
SLF4J: Found provider [scribe.slf4j.ScribeServiceProvider@201a6262]
SLF4J: Found provider [ch.qos.logback.classic.spi.LogbackServiceProvider@7c160eb0]
SLF4J: See https://www.slf4j.org/codes.html#multiple_bindings for an explanation.
SLF4J: Actual provider is of type [scribe.slf4j.ScribeServiceProvider@201a6262]
2024.04.25 15:29:00 WARN  Flyway upgrade recommended: H2 2.2.224 is newer than this version of Flyway and support has not been tested. The latest supported version of H2 is 2.2.220.
2024.04.25 15:29:02 INFO  Attempting to connect to the build server...
2024.04.25 15:29:02 INFO  tracing is disabled for protocol BSP, to enable tracing of incoming and outgoing JSON messages create an empty file at /Users/msankhane/Desktop/Cours_ESGI/Scala/TD2/calculatrice/.metals/bsp.trace.json or /Users/msankhane/Library/Caches/org.scalameta.metals/bsp.trace.json
2024.04.25 15:29:02 INFO  time: Connected to build server in 0.4s
2024.04.25 15:29:02 INFO  Connected to Build server: Bloop v1.5.17
2024.04.25 15:29:04 INFO  time: indexed workspace in 1.66s
2024.04.25 15:29:04 WARN  no build target for: /Users/msankhane/Desktop/Cours_ESGI/Scala/TD2/calculatrice/src/main/scala/calculatrice.scala
2024.04.25 15:29:13 INFO  no build target found for /Users/msankhane/Desktop/Cours_ESGI/Scala/TD2/calculatrice/src/main/scala/calculatrice.scala. Using presentation compiler with project's scala-library version: 3.3.3
2024.04.25 15:29:15 INFO  time: code lens generation in 10s
2024.04.25 15:29:15 INFO  time: code lens generation in 11s
2024.04.25 15:29:25 INFO  Shutting down server
2024.04.25 15:29:25 INFO  shutting down Metals
2024.04.25 15:29:25 INFO  Shut down connection with build server.
2024.04.25 15:29:25 INFO  Exiting server
2024.05.01 15:45:48 INFO  Started: Metals version 1.3.0 in folders '/Users/msankhane/Desktop/Projet_Perso_et_developpement/Application' for client Visual Studio Code 1.88.1.
SLF4J: Class path contains multiple SLF4J providers.
SLF4J: Found provider [scribe.slf4j.ScribeServiceProvider@45f6f7b5]
SLF4J: Found provider [ch.qos.logback.classic.spi.LogbackServiceProvider@68738a27]
SLF4J: See https://www.slf4j.org/codes.html#multiple_bindings for an explanation.
SLF4J: Actual provider is of type [scribe.slf4j.ScribeServiceProvider@45f6f7b5]
2024.05.01 15:45:48 WARN  Flyway upgrade recommended: H2 2.2.224 is newer than this version of Flyway and support has not been tested. The latest supported version of H2 is 2.2.220.
2024.05.01 15:45:50 INFO  Attempting to connect to the build server...
2024.05.01 15:45:53 INFO  tracing is disabled for protocol BSP, to enable tracing of incoming and outgoing JSON messages create an empty file at /Users/msankhane/Desktop/Projet_Perso_et_developpement/Application/.metals/bsp.trace.json or /Users/msankhane/Library/Caches/org.scalameta.metals/bsp.trace.json
2024.05.01 15:45:53 INFO  time: Connected to build server in 3.24s
2024.05.01 15:45:53 INFO  Connected to Build server: Bloop v1.5.17
2024.05.01 15:46:05 INFO  no build target found for /Users/msankhane/Desktop/Projet_Perso_et_developpement/Application/src/main/scala/calculatrice.scala. Using presentation compiler with project's scala-library version: 3.3.3
mai 01, 2024 3:46:05 PM org.eclipse.lsp4j.jsonrpc.RemoteEndpoint handleCancellation
AVERTISSEMENT: Unmatched cancel notification for request id 8
2024.05.01 15:46:06 INFO  time: indexed workspace in 1.45s
2024.05.01 15:46:06 WARN  no build target for: /Users/msankhane/Desktop/Projet_Perso_et_developpement/Application/src/main/scala/calculatrice.scala
2024.05.01 15:46:17 INFO  no build target found for /Users/msankhane/Desktop/Projet_Perso_et_developpement/Application/src/main/scala/calculatrice.scala. Using presentation compiler with project's scala-library version: 3.3.3
2024.05.01 15:46:19 INFO  time: code lens generation in 12s
2024.05.01 15:46:19 INFO  time: code lens generation in 12s
2024.05.01 15:47:11 WARN  no build target for: /Users/msankhane/Desktop/Projet_Perso_et_developpement/Application/src/main/scala/calculatrice.scala
2024.05.01 15:47:11 WARN  no build target for: /Users/msankhane/Desktop/Projet_Perso_et_developpement/Application/src/main/scala/Application.scala
2024.05.01 15:47:17 WARN  no build target for: /Users/msankhane/Desktop/Projet_Perso_et_developpement/Application/src/main/scala/Application.scala
mai 01, 2024 3:47:28 PM org.eclipse.lsp4j.jsonrpc.RemoteEndpoint handleCancellation
AVERTISSEMENT: Unmatched cancel notification for request id 77
2024.05.01 15:47:35 WARN  no build target for: /Users/msankhane/Desktop/Projet_Perso_et_developpement/Application/src/main/scala/Application.scala
2024.05.01 15:56:29 WARN  no build target for: /Users/msankhane/Desktop/Projet_Perso_et_developpement/Application/src/main/scala/Application.scala
2024.05.01 15:57:13 WARN  Could not find semantic tokens for: file:///Users/msankhane/Desktop/Projet_Perso_et_developpement/Application/build.sbt
2024.05.01 15:57:33 WARN  Could not find semantic tokens for: file:///Users/msankhane/Desktop/Projet_Perso_et_developpement/Application/build.sbt
2024.05.01 15:57:33 WARN  Could not find semantic tokens for: file:///Users/msankhane/Desktop/Projet_Perso_et_developpement/Application/build.sbt
2024.05.01 15:57:33 WARN  Could not find semantic tokens for: file:///Users/msankhane/Desktop/Projet_Perso_et_developpement/Application/build.sbt
2024.05.01 15:57:34 WARN  Could not find semantic tokens for: file:///Users/msankhane/Desktop/Projet_Perso_et_developpement/Application/build.sbt
2024.05.01 15:57:35 WARN  Could not find semantic tokens for: file:///Users/msankhane/Desktop/Projet_Perso_et_developpement/Application/build.sbt
2024.05.01 15:57:41 WARN  Could not find semantic tokens for: file:///Users/msankhane/Desktop/Projet_Perso_et_developpement/Application/build.sbt
2024.05.01 15:57:41 WARN  Could not find semantic tokens for: file:///Users/msankhane/Desktop/Projet_Perso_et_developpement/Application/build.sbt
2024.05.01 15:57:43 WARN  Could not find semantic tokens for: file:///Users/msankhane/Desktop/Projet_Perso_et_developpement/Application/build.sbt
2024.05.01 15:57:44 WARN  Could not find semantic tokens for: file:///Users/msankhane/Desktop/Projet_Perso_et_developpement/Application/build.sbt
2024.05.01 15:58:06 WARN  Could not find semantic tokens for: file:///Users/msankhane/Desktop/Projet_Perso_et_developpement/Application/build.sbt
2024.05.01 15:58:08 WARN  Could not find semantic tokens for: file:///Users/msankhane/Desktop/Projet_Perso_et_developpement/Application/build.sbt
2024.05.01 15:58:08 INFO  Detected new build tool in /Users/msankhane/Desktop/Projet_Perso_et_developpement/Application
2024.05.01 15:58:08 WARN  no build target for: /Users/msankhane/Desktop/Projet_Perso_et_developpement/Application/build.sbt
2024.05.01 15:58:08 INFO  Disconnecting from Bloop session...
2024.05.01 15:58:08 WARN  Could not find semantic tokens for: file:///Users/msankhane/Desktop/Projet_Perso_et_developpement/Application/build.sbt
2024.05.01 15:58:08 INFO  Shut down connection with build server.
2024.05.01 15:58:08 INFO  Attempting to connect to the build server...
2024.05.01 15:58:08 INFO  tracing is disabled for protocol BSP, to enable tracing of incoming and outgoing JSON messages create an empty file at /Users/msankhane/Desktop/Projet_Perso_et_developpement/Application/.metals/bsp.trace.json or /Users/msankhane/Library/Caches/org.scalameta.metals/bsp.trace.json
2024.05.01 15:58:08 INFO  time: Connected to build server in 38ms
2024.05.01 15:58:08 INFO  Connected to Build server: Bloop v1.5.17
2024.05.01 15:58:10 INFO  time: indexed workspace in 1.27s
2024.05.01 15:58:10 WARN  no build target for: /Users/msankhane/Desktop/Projet_Perso_et_developpement/Application/src/main/scala/Application.scala
2024.05.01 15:58:10 WARN  no build target for: /Users/msankhane/Desktop/Projet_Perso_et_developpement/Application/build.sbt
2024.05.01 15:58:21 INFO  no build target found for /Users/msankhane/Desktop/Projet_Perso_et_developpement/Application/build.sbt. Using presentation compiler with project's scala-library version: 3.3.3
2024.05.01 15:58:21 WARN  Could not find semantic tokens for: file:///Users/msankhane/Desktop/Projet_Perso_et_developpement/Application/build.sbt
2024.05.01 15:58:21 INFO  time: code lens generation in 10s
2024.05.01 15:58:21 WARN  Could not find semantic tokens for: file:///Users/msankhane/Desktop/Projet_Perso_et_developpement/Application/build.sbt
2024.05.01 16:00:27 WARN  no build target for: /Users/msankhane/Desktop/Projet_Perso_et_developpement/Application/src/main/scala/Application.scala
2024.05.01 17:19:17 INFO  Shutting down server
2024.05.01 17:19:17 INFO  shutting down Metals
2024.05.01 17:19:17 INFO  Shut down connection with build server.
2024.05.01 17:19:17 INFO  Exiting server
2024.05.01 17:37:38 INFO  Started: Metals version 1.3.0 in folders '/Users/msankhane/Desktop/Projet_Perso_et_developpement/Application' for client Visual Studio Code 1.88.1.
SLF4J: Class path contains multiple SLF4J providers.
SLF4J: Found provider [scribe.slf4j.ScribeServiceProvider@3ad7bbe8]
SLF4J: Found provider [ch.qos.logback.classic.spi.LogbackServiceProvider@522b9782]
SLF4J: See https://www.slf4j.org/codes.html#multiple_bindings for an explanation.
SLF4J: Actual provider is of type [scribe.slf4j.ScribeServiceProvider@3ad7bbe8]
2024.05.01 17:37:38 WARN  Flyway upgrade recommended: H2 2.2.224 is newer than this version of Flyway and support has not been tested. The latest supported version of H2 is 2.2.220.
2024.05.01 17:37:40 INFO  Attempting to connect to the build server...
2024.05.01 17:37:40 INFO  tracing is disabled for protocol BSP, to enable tracing of incoming and outgoing JSON messages create an empty file at /Users/msankhane/Desktop/Projet_Perso_et_developpement/Application/.metals/bsp.trace.json or /Users/msankhane/Library/Caches/org.scalameta.metals/bsp.trace.json
2024.05.01 17:37:40 INFO  time: Connected to build server in 0.51s
2024.05.01 17:37:40 INFO  Connected to Build server: Bloop v1.5.17
2024.05.01 17:37:46 WARN  no build target for: /Users/msankhane/Desktop/Projet_Perso_et_developpement/Application/src/main/scala/Application.scala
2024.05.01 17:37:54 INFO  no build target found for /Users/msankhane/Desktop/Projet_Perso_et_developpement/Application/src/main/scala/Application.scala. Using presentation compiler with project's scala-library version: 3.3.3
2024.05.01 17:37:55 INFO  time: indexed workspace in 1.68s
2024.05.01 17:37:55 WARN  no build target for: /Users/msankhane/Desktop/Projet_Perso_et_developpement/Application/src/main/scala/Application.scala
2024.05.01 17:38:04 INFO  no build target found for /Users/msankhane/Desktop/Projet_Perso_et_developpement/Application/src/main/scala/Application.scala. Using presentation compiler with project's scala-library version: 3.3.3
2024.05.01 17:38:06 INFO  time: code lens generation in 10s
2024.05.01 17:41:21 WARN  no build target for: /Users/msankhane/Desktop/Projet_Perso_et_developpement/Application/src/main/scala/Application.scala
2024.05.01 17:44:30 WARN  no build target for: /Users/msankhane/Desktop/Projet_Perso_et_developpement/Application/src/main/scala/Application.scala
2024.05.01 17:44:58 WARN  no build target for: /Users/msankhane/Desktop/Projet_Perso_et_developpement/Application/src/main/scala/Application.scala
2024.05.01 17:49:07 WARN  no build target for: /Users/msankhane/Desktop/Projet_Perso_et_developpement/Application/src/main/scala/Application.scala
2024.05.01 17:49:09 INFO  Shutting down server
2024.05.01 17:49:09 INFO  shutting down Metals
2024.05.01 17:49:09 INFO  Shut down connection with build server.
2024.05.01 17:49:09 INFO  Exiting server
2024.05.03 22:06:23 INFO  Started: Metals version 1.3.0 in folders '/Users/msankhane/Desktop/Projet_Perso_et_developpement/Application' for client Visual Studio Code 1.88.1.
SLF4J: Class path contains multiple SLF4J providers.
SLF4J: Found provider [scribe.slf4j.ScribeServiceProvider@5a422c84]
SLF4J: Found provider [ch.qos.logback.classic.spi.LogbackServiceProvider@4194eee1]
SLF4J: See https://www.slf4j.org/codes.html#multiple_bindings for an explanation.
SLF4J: Actual provider is of type [scribe.slf4j.ScribeServiceProvider@5a422c84]
2024.05.03 22:06:24 WARN  Flyway upgrade recommended: H2 2.2.224 is newer than this version of Flyway and support has not been tested. The latest supported version of H2 is 2.2.220.
2024.05.03 22:06:24 INFO  Attempting to connect to the build server...
2024.05.03 22:06:28 INFO  tracing is disabled for protocol BSP, to enable tracing of incoming and outgoing JSON messages create an empty file at /Users/msankhane/Desktop/Projet_Perso_et_developpement/Application/.metals/bsp.trace.json or /Users/msankhane/Library/Caches/org.scalameta.metals/bsp.trace.json
2024.05.03 22:06:28 INFO  time: Connected to build server in 3.81s
2024.05.03 22:06:28 INFO  Connected to Build server: Bloop v1.5.17
2024.05.03 22:06:29 INFO  time: indexed workspace in 1.42s
2024.05.03 22:06:33 INFO  Shutting down server
2024.05.03 22:06:33 INFO  shutting down Metals
2024.05.03 22:06:33 INFO  Shut down connection with build server.
2024.05.03 22:06:33 INFO  Exiting server
